Flutter crash report; please file at https://github.com/flutter/flutter/issues.

## command

flutter run --machine --target lib/main.dart -d chrome --track-widget-creation --start-paused

## exception

ChromeDebugException: Unexpected error from chrome devtools:
text: Uncaught
exception:
  description: ReferenceError: require is not defined
    at <anonymous>:1:1
  type: object
  value: null
attempted JS eval: `require('dart_sdk').dart.getLibraries();`


```
#0      handleErrorIfPresent (package:dwds/src/services/chrome_proxy_service.dart:569:5)
#1      AppInspector._getLibraryRefs (package:dwds/src/debugging/inspector.dart:489:5)
<asynchronous suspension>
#2      AppInspector._initialize (package:dwds/src/debugging/inspector.dart:72:36)
<asynchronous suspension>
#3      AppInspector.initialize (package:dwds/src/debugging/inspector.dart:108:21)
#4      _AsyncAwaitCompleter.start (dart:async-patch/async_patch.dart:43:6)
#5      AppInspector.initialize (package:dwds/src/debugging/inspector.dart:84:41)
#6      ChromeProxyService.createIsolate (package:dwds/src/services/chrome_proxy_service.dart:112:37)
#7      _AsyncAwaitCompleter.start (dart:async-patch/async_patch.dart:43:6)
#8      ChromeProxyService.createIsolate (package:dwds/src/services/chrome_proxy_service.dart:106:29)
#9      DevHandler._handleConnection.<anonymous closure> (package:dwds/src/handlers/dev_handler.dart:265:17)
#10     _asyncThenWrapperHelper.<anonymous closure> (dart:async-patch/async_patch.dart:71:64)
#11     _rootRunUnary (dart:async/zone.dart:1132:38)
#12     _CustomZone.runUnary (dart:async/zone.dart:1029:19)
#13     _FutureListener.handleValue (dart:async/future_impl.dart:137:18)
#14     Future._propagateToListeners.handleValueCallback (dart:async/future_impl.dart:678:45)
#15     Future._propagateToListeners (dart:async/future_impl.dart:707:32)
#16     Future._addListener.<anonymous closure> (dart:async/future_impl.dart:387:9)
#17     _rootRun (dart:async/zone.dart:1124:13)
#18     _CustomZone.run (dart:async/zone.dart:1021:19)
#19     _CustomZone.runGuarded (dart:async/zone.dart:923:7)
#20     _CustomZone.bindCallbackGuarded.<anonymous closure> (dart:async/zone.dart:963:23)
#21     _microtaskLoop (dart:async/schedule_microtask.dart:41:21)
#22     _startMicrotaskLoop (dart:async/schedule_microtask.dart:50:5)
#23     _runPendingImmediateCallback (dart:isolate-patch/isolate_patch.dart:116:13)
#24     _RawReceivePortImpl._handleMessage (dart:isolate-patch/isolate_patch.dart:173:5)
```

## flutter doctor

```
[✓] Flutter (Channel master, v1.10.5-pre.16, on Linux, locale en_IN)
    • Flutter version 1.10.5-pre.16 at /home/sarvesh/soft_sdk/flutter
    • Framework revision c32e543207 (2 hours ago), 2019-09-18 21:42:57 -0700
    • Engine revision eed16d34bd
    • Dart version 2.6.0 (build 2.6.0-dev.1.0 cb80ea7ba9)

[✓] Android toolchain - develop for Android devices (Android SDK version 29.0.2)
    • Android SDK at /home/sarvesh/Android/Sdk
    • Android NDK location not configured (optional; useful for native profiling support)
    • Platform android-29, build-tools 29.0.2
    • Java binary at: /home/sarvesh/Downloads/android-studio/jre/bin/java
    • Java version OpenJDK Runtime Environment (build 1.8.0_202-release-1483-b49-5587405)
    • All Android licenses accepted.

[✓] Chrome - develop for the web
    • Chrome at google-chrome

[✓] Android Studio (version 3.5)
    • Android Studio at /home/sarvesh/Downloads/android-studio
    • Flutter plugin version 38.2.3
    • Dart plugin version 191.8423
    • Java version OpenJDK Runtime Environment (build 1.8.0_202-release-1483-b49-5587405)

[✓] VS Code (version 1.36.1)
    • VS Code at /usr/share/code
    • Flutter extension version 3.4.1

[✓] Connected device (2 available)
    • Chrome • chrome • web-javascript • Google Chrome 76.0.3809.132
    • Server • web    • web-javascript • Flutter Tools

• No issues found!
```
